<?xml version="1.0" encoding="UTF-8"?>
<!-- Generated by org.testng.reporters.JUnitReportReporter -->
<testsuite hostname="DESKTOP-IRDI2KI" failures="0" tests="1" name="com.obsqura.tests.SearchProductTest" time="4.837" errors="0" timestamp="2023-10-02T23:06:21 IST" skipped="0">
  <testcase classname="com.obsqura.tests.SearchProductTest" name="MySearchProductTest" time="4.837"/>
  <system-out/>
</testsuite> <!-- com.obsqura.tests.SearchProductTest -->
