<?xml version="1.0" encoding="UTF-8"?>
<!-- Generated by org.testng.reporters.JUnitReportReporter -->
<testsuite hostname="DESKTOP-IRDI2KI" failures="0" tests="1" name="com.obsqura.tests.ManagePaymentTest" time="5.053" errors="0" timestamp="2023-10-02T21:24:15 IST" skipped="0">
  <testcase classname="com.obsqura.tests.ManagePaymentTest" name="MyManagePayment" time="5.053"/>
  <system-out/>
</testsuite> <!-- com.obsqura.tests.ManagePaymentTest -->
