<?xml version="1.0" encoding="UTF-8"?>
<!-- Generated by org.testng.reporters.JUnitReportReporter -->
<testsuite hostname="DESKTOP-IRDI2KI" failures="0" tests="1" name="com.obsqura.tests.LoginTest" time="6.832" errors="0" timestamp="2023-10-02T20:16:47 IST" skipped="0">
  <testcase classname="com.obsqura.tests.LoginTest" name="MyLoginTest" time="6.832"/>
  <system-out/>
</testsuite> <!-- com.obsqura.tests.LoginTest -->
